Using pre-set license
Built from '2020.3/staging' branch; Version is '2020.3.4f1 (0abb6314276a) revision 703331'; Using compiler version '192528614'; Build Type 'Release'
OS: 'Windows 10 Education; OS build 19042.1466; Version 2009; 64bit' Language: 'en' Physical Memory: 8117 MB
BatchMode: 1, IsHumanControllingUs: 0, StartBugReporterOnCrash: 0, Is64bit: 1, IsPro: 0

 COMMAND LINE ARGUMENTS:
C:\Program Files\Unity\Hub\Editor\2020.3.4f1\Editor\Unity.exe
-adb2
-batchMode
-noUpm
-name
AssetImportWorker0
-projectPath
D:/521969 Proj/bruh/2D-Sandbox
-logFile
Logs/AssetImportWorker0.log
-srvPort
64793
Successfully changed project path to: D:/521969 Proj/bruh/2D-Sandbox
D:/521969 Proj/bruh/2D-Sandbox
Using Asset Import Pipeline V2.
Refreshing native plugins compatible for Editor in 44.40 ms, found 0 plugins.
Preloading 0 native plugins for Editor in 0.00 ms.
Initialize engine version: 2020.3.4f1 (0abb6314276a)
[Subsystems] Discovering subsystems at path C:/Program Files/Unity/Hub/Editor/2020.3.4f1/Editor/Data/Resources/UnitySubsystems
[Subsystems] Discovering subsystems at path D:/521969 Proj/bruh/2D-Sandbox/Assets
GfxDevice: creating device client; threaded=0
Direct3D:
    Version:  Direct3D 11.0 [level 11.1]
    Renderer: NVIDIA GeForce GTX 1650 (ID=0x2188)
    Vendor:   
    VRAM:     3962 MB
    Driver:   30.0.14.7196
Shader 'Universal Render Pipeline/Particles/Lit': fallback shader 'Universal Render Pipeline/Particles/SimpleLit' not found
Initialize mono
Mono path[0] = 'C:/Program Files/Unity/Hub/Editor/2020.3.4f1/Editor/Data/Managed'
Mono path[1] = 'C:/Program Files/Unity/Hub/Editor/2020.3.4f1/Editor/Data/MonoBleedingEdge/lib/mono/unityjit'
Mono config path = 'C:/Program Files/Unity/Hub/Editor/2020.3.4f1/Editor/Data/MonoBleedingEdge/etc'
Using monoOptions --debugger-agent=transport=dt_socket,embedding=1,server=y,suspend=n,address=127.0.0.1:56308
Begin MonoManager ReloadAssembly
Registering precompiled unity dll's ...
Register platform support module: C:/Program Files/Unity/Hub/Editor/2020.3.4f1/Editor/Data/PlaybackEngines/WebGLSupport/UnityEditor.WebGL.Extensions.dll
Register platform support module: C:/Program Files/Unity/Hub/Editor/2020.3.4f1/Editor/Data/PlaybackEngines/MacStandaloneSupport/UnityEditor.OSXStandalone.Extensions.dll
Register platform support module: C:/Program Files/Unity/Hub/Editor/2020.3.4f1/Editor/Data/PlaybackEngines/WindowsStandaloneSupport/UnityEditor.WindowsStandalone.Extensions.dll
Register platform support module: C:/Program Files/Unity/Hub/Editor/2020.3.4f1/Editor/Data/PlaybackEngines/LinuxStandaloneSupport/UnityEditor.LinuxStandalone.Extensions.dll
Registered in 0.002809 seconds.
Native extension for LinuxStandalone target not found
Native extension for WindowsStandalone target not found
Native extension for OSXStandalone target not found
Native extension for WebGL target not found
Refreshing native plugins compatible for Editor in 43.80 ms, found 0 plugins.
Preloading 0 native plugins for Editor in 0.00 ms.
Mono: successfully reloaded assembly
- Completed reload, in  1.248 seconds
Platform modules already initialized, skipping
Registering precompiled user dll's ...
Registered in 0.000763 seconds.
Begin MonoManager ReloadAssembly
Native extension for LinuxStandalone target not found
Native extension for WindowsStandalone target not found
Native extension for OSXStandalone target not found
Native extension for WebGL target not found
Refreshing native plugins compatible for Editor in 44.40 ms, found 0 plugins.
Preloading 0 native plugins for Editor in 0.00 ms.
Mono: successfully reloaded assembly
- Completed reload, in  0.885 seconds
Platform modules already initialized, skipping
========================================================================
Worker process is ready to serve import requests
Shader 'Universal Render Pipeline/Particles/Lit': fallback shader 'Universal Render Pipeline/Particles/SimpleLit' not found
Launched and connected shader compiler UnityShaderCompiler.exe after 0.04 seconds
Refreshing native plugins compatible for Editor in 0.56 ms, found 0 plugins.
Preloading 0 native plugins for Editor in 0.00 ms.
Unloading 2493 Unused Serialized files (Serialized files now loaded: 0)
System memory in use before: 117.6 MB.
System memory in use after: 117.8 MB.

Unloading 10 unused Assets to reduce memory usage. Loaded Objects now: 2934.
Total: 3.949100 ms (FindLiveObjects: 1.150600 ms CreateObjectMapping: 0.143600 ms MarkObjects: 2.571400 ms  DeleteObjects: 0.082300 ms)

========================================================================
Received Import Request.
  path: Assets/Misc/TileDrop.prefab
  artifactKey: Guid(1c6f28cef5356b1409021471721a6085) Importer(815301076,1909f56bfc062723c751e8b465ee728b)
Start importing Assets/Misc/TileDrop.prefab using Guid(1c6f28cef5356b1409021471721a6085) Importer(815301076,1909f56bfc062723c751e8b465ee728b)  -> (artifact id: 'ea8fb4db3a0aaf4bf1222aa68d8afadd') in 0.224594 seconds
  Import took 0.228882 seconds .

========================================================================
Received Prepare
Registering precompiled user dll's ...
Registered in 0.001224 seconds.
Begin MonoManager ReloadAssembly
Native extension for LinuxStandalone target not found
Native extension for WindowsStandalone target not found
Native extension for OSXStandalone target not found
Native extension for WebGL target not found
Refreshing native plugins compatible for Editor in 0.54 ms, found 0 plugins.
Preloading 0 native plugins for Editor in 0.00 ms.
Mono: successfully reloaded assembly
- Completed reload, in  0.985 seconds
Platform modules already initialized, skipping
Shader 'Universal Render Pipeline/Particles/Lit': fallback shader 'Universal Render Pipeline/Particles/SimpleLit' not found
Refreshing native plugins compatible for Editor in 0.54 ms, found 0 plugins.
Preloading 0 native plugins for Editor in 0.00 ms.
Unloading 2368 Unused Serialized files (Serialized files now loaded: 0)
System memory in use before: 114.5 MB.
System memory in use after: 114.7 MB.

Unloading 6 unused Assets to reduce memory usage. Loaded Objects now: 2981.
Total: 4.047900 ms (FindLiveObjects: 0.529000 ms CreateObjectMapping: 0.073500 ms MarkObjects: 3.401500 ms  DeleteObjects: 0.042000 ms)

========================================================================
Received Prepare
Registering precompiled user dll's ...
Registered in 0.001340 seconds.
Begin MonoManager ReloadAssembly
Native extension for LinuxStandalone target not found
Native extension for WindowsStandalone target not found
Native extension for OSXStandalone target not found
Native extension for WebGL target not found
Refreshing native plugins compatible for Editor in 0.57 ms, found 0 plugins.
Preloading 0 native plugins for Editor in 0.00 ms.
Mono: successfully reloaded assembly
- Completed reload, in  0.841 seconds
Platform modules already initialized, skipping
Shader 'Universal Render Pipeline/Particles/Lit': fallback shader 'Universal Render Pipeline/Particles/SimpleLit' not found
Refreshing native plugins compatible for Editor in 1.04 ms, found 0 plugins.
Preloading 0 native plugins for Editor in 0.00 ms.
Unloading 2368 Unused Serialized files (Serialized files now loaded: 0)
System memory in use before: 114.5 MB.
System memory in use after: 114.7 MB.

Unloading 5 unused Assets to reduce memory usage. Loaded Objects now: 2984.
Total: 5.071100 ms (FindLiveObjects: 0.817400 ms CreateObjectMapping: 0.100900 ms MarkObjects: 4.115800 ms  DeleteObjects: 0.034900 ms)

========================================================================
Received Prepare
Registering precompiled user dll's ...
Registered in 0.001001 seconds.
Begin MonoManager ReloadAssembly
Native extension for LinuxStandalone target not found
Native extension for WindowsStandalone target not found
Native extension for OSXStandalone target not found
Native extension for WebGL target not found
Refreshing native plugins compatible for Editor in 0.55 ms, found 0 plugins.
Preloading 0 native plugins for Editor in 0.00 ms.
Mono: successfully reloaded assembly
- Completed reload, in  0.847 seconds
Platform modules already initialized, skipping
Shader 'Universal Render Pipeline/Particles/Lit': fallback shader 'Universal Render Pipeline/Particles/SimpleLit' not found
Refreshing native plugins compatible for Editor in 0.65 ms, found 0 plugins.
Preloading 0 native plugins for Editor in 0.00 ms.
Unloading 2368 Unused Serialized files (Serialized files now loaded: 0)
System memory in use before: 114.5 MB.
System memory in use after: 114.7 MB.

Unloading 6 unused Assets to reduce memory usage. Loaded Objects now: 2987.
Total: 3.417800 ms (FindLiveObjects: 0.610700 ms CreateObjectMapping: 0.080100 ms MarkObjects: 2.700100 ms  DeleteObjects: 0.025200 ms)

========================================================================
Received Prepare
Registering precompiled user dll's ...
Registered in 0.001281 seconds.
Begin MonoManager ReloadAssembly
Native extension for LinuxStandalone target not found
Native extension for WindowsStandalone target not found
Native extension for OSXStandalone target not found
Native extension for WebGL target not found
Refreshing native plugins compatible for Editor in 0.60 ms, found 0 plugins.
Preloading 0 native plugins for Editor in 0.00 ms.
Mono: successfully reloaded assembly
- Completed reload, in  0.950 seconds
Platform modules already initialized, skipping
Shader 'Universal Render Pipeline/Particles/Lit': fallback shader 'Universal Render Pipeline/Particles/SimpleLit' not found
Refreshing native plugins compatible for Editor in 0.96 ms, found 0 plugins.
Preloading 0 native plugins for Editor in 0.00 ms.
Unloading 2368 Unused Serialized files (Serialized files now loaded: 0)
System memory in use before: 114.5 MB.
System memory in use after: 114.8 MB.

Unloading 5 unused Assets to reduce memory usage. Loaded Objects now: 2990.
Total: 2.645900 ms (FindLiveObjects: 0.333800 ms CreateObjectMapping: 0.078600 ms MarkObjects: 2.216400 ms  DeleteObjects: 0.016000 ms)

========================================================================
Received Prepare
Registering precompiled user dll's ...
Registered in 0.001821 seconds.
Begin MonoManager ReloadAssembly
Native extension for LinuxStandalone target not found
Native extension for WindowsStandalone target not found
Native extension for OSXStandalone target not found
Native extension for WebGL target not found
Refreshing native plugins compatible for Editor in 0.54 ms, found 0 plugins.
Preloading 0 native plugins for Editor in 0.00 ms.
Mono: successfully reloaded assembly
- Completed reload, in  0.830 seconds
Platform modules already initialized, skipping
Shader 'Universal Render Pipeline/Particles/Lit': fallback shader 'Universal Render Pipeline/Particles/SimpleLit' not found
Refreshing native plugins compatible for Editor in 0.56 ms, found 0 plugins.
Preloading 0 native plugins for Editor in 0.00 ms.
Unloading 2368 Unused Serialized files (Serialized files now loaded: 0)
System memory in use before: 114.4 MB.
System memory in use after: 114.7 MB.

Unloading 5 unused Assets to reduce memory usage. Loaded Objects now: 2993.
Total: 4.177300 ms (FindLiveObjects: 0.957300 ms CreateObjectMapping: 0.111000 ms MarkObjects: 3.078300 ms  DeleteObjects: 0.028700 ms)

========================================================================
Received Prepare
Registering precompiled user dll's ...
Registered in 0.000937 seconds.
Begin MonoManager ReloadAssembly
Native extension for LinuxStandalone target not found
Native extension for WindowsStandalone target not found
Native extension for OSXStandalone target not found
Native extension for WebGL target not found
Refreshing native plugins compatible for Editor in 0.72 ms, found 0 plugins.
Preloading 0 native plugins for Editor in 0.00 ms.
Mono: successfully reloaded assembly
- Completed reload, in  1.014 seconds
Platform modules already initialized, skipping
Shader 'Universal Render Pipeline/Particles/Lit': fallback shader 'Universal Render Pipeline/Particles/SimpleLit' not found
Refreshing native plugins compatible for Editor in 0.91 ms, found 0 plugins.
Preloading 0 native plugins for Editor in 0.00 ms.
Unloading 2368 Unused Serialized files (Serialized files now loaded: 0)
System memory in use before: 114.6 MB.
System memory in use after: 114.8 MB.

Unloading 5 unused Assets to reduce memory usage. Loaded Objects now: 2996.
Total: 4.656400 ms (FindLiveObjects: 0.639300 ms CreateObjectMapping: 0.082200 ms MarkObjects: 3.882000 ms  DeleteObjects: 0.051000 ms)

========================================================================
Received Prepare
Registering precompiled user dll's ...
Registered in 0.001965 seconds.
Begin MonoManager ReloadAssembly
Native extension for LinuxStandalone target not found
Native extension for WindowsStandalone target not found
Native extension for OSXStandalone target not found
Native extension for WebGL target not found
Refreshing native plugins compatible for Editor in 0.86 ms, found 0 plugins.
Preloading 0 native plugins for Editor in 0.00 ms.
Mono: successfully reloaded assembly
- Completed reload, in  0.833 seconds
Platform modules already initialized, skipping
Shader 'Universal Render Pipeline/Particles/Lit': fallback shader 'Universal Render Pipeline/Particles/SimpleLit' not found
Refreshing native plugins compatible for Editor in 0.53 ms, found 0 plugins.
Preloading 0 native plugins for Editor in 0.00 ms.
Unloading 2368 Unused Serialized files (Serialized files now loaded: 0)
System memory in use before: 114.6 MB.
System memory in use after: 114.8 MB.

Unloading 5 unused Assets to reduce memory usage. Loaded Objects now: 2999.
Total: 2.415200 ms (FindLiveObjects: 0.366400 ms CreateObjectMapping: 0.069900 ms MarkObjects: 1.963100 ms  DeleteObjects: 0.014800 ms)

========================================================================
Received Prepare
Registering precompiled user dll's ...
Registered in 0.001609 seconds.
Begin MonoManager ReloadAssembly
Native extension for LinuxStandalone target not found
Native extension for WindowsStandalone target not found
Native extension for OSXStandalone target not found
Native extension for WebGL target not found
Refreshing native plugins compatible for Editor in 0.56 ms, found 0 plugins.
Preloading 0 native plugins for Editor in 0.00 ms.
Mono: successfully reloaded assembly
- Completed reload, in  0.912 seconds
Platform modules already initialized, skipping
Shader 'Universal Render Pipeline/Particles/Lit': fallback shader 'Universal Render Pipeline/Particles/SimpleLit' not found
Refreshing native plugins compatible for Editor in 0.90 ms, found 0 plugins.
Preloading 0 native plugins for Editor in 0.00 ms.
Unloading 2368 Unused Serialized files (Serialized files now loaded: 0)
System memory in use before: 114.6 MB.
System memory in use after: 114.8 MB.

Unloading 5 unused Assets to reduce memory usage. Loaded Objects now: 3002.
Total: 4.219600 ms (FindLiveObjects: 0.519800 ms CreateObjectMapping: 0.102600 ms MarkObjects: 3.560800 ms  DeleteObjects: 0.035400 ms)

========================================================================
Received Prepare
Registering precompiled user dll's ...
Registered in 0.001192 seconds.
Begin MonoManager ReloadAssembly
Native extension for LinuxStandalone target not found
Native extension for WindowsStandalone target not found
Native extension for OSXStandalone target not found
Native extension for WebGL target not found
Refreshing native plugins compatible for Editor in 0.55 ms, found 0 plugins.
Preloading 0 native plugins for Editor in 0.00 ms.
Mono: successfully reloaded assembly
- Completed reload, in  0.832 seconds
Platform modules already initialized, skipping
Shader 'Universal Render Pipeline/Particles/Lit': fallback shader 'Universal Render Pipeline/Particles/SimpleLit' not found
Refreshing native plugins compatible for Editor in 0.78 ms, found 0 plugins.
Preloading 0 native plugins for Editor in 0.00 ms.
Unloading 2368 Unused Serialized files (Serialized files now loaded: 0)
System memory in use before: 114.6 MB.
System memory in use after: 114.8 MB.

Unloading 5 unused Assets to reduce memory usage. Loaded Objects now: 3005.
Total: 2.646100 ms (FindLiveObjects: 0.429300 ms CreateObjectMapping: 0.071100 ms MarkObjects: 2.126600 ms  DeleteObjects: 0.017700 ms)

========================================================================
Received Prepare
Registering precompiled user dll's ...
Registered in 0.001387 seconds.
Begin MonoManager ReloadAssembly
Native extension for LinuxStandalone target not found
Native extension for WindowsStandalone target not found
Native extension for OSXStandalone target not found
Native extension for WebGL target not found
Refreshing native plugins compatible for Editor in 1.30 ms, found 0 plugins.
Preloading 0 native plugins for Editor in 0.00 ms.
Mono: successfully reloaded assembly
- Completed reload, in  1.027 seconds
Platform modules already initialized, skipping
Shader 'Universal Render Pipeline/Particles/Lit': fallback shader 'Universal Render Pipeline/Particles/SimpleLit' not found
Refreshing native plugins compatible for Editor in 1.06 ms, found 0 plugins.
Preloading 0 native plugins for Editor in 0.00 ms.
Unloading 2368 Unused Serialized files (Serialized files now loaded: 0)
System memory in use before: 114.5 MB.
System memory in use after: 114.7 MB.

Unloading 5 unused Assets to reduce memory usage. Loaded Objects now: 3008.
Total: 5.155000 ms (FindLiveObjects: 0.861000 ms CreateObjectMapping: 0.280200 ms MarkObjects: 3.989000 ms  DeleteObjects: 0.022300 ms)

========================================================================
Received Prepare
Registering precompiled user dll's ...
Registered in 0.001000 seconds.
Begin MonoManager ReloadAssembly
Native extension for LinuxStandalone target not found
Native extension for WindowsStandalone target not found
Native extension for OSXStandalone target not found
Native extension for WebGL target not found
Refreshing native plugins compatible for Editor in 1.35 ms, found 0 plugins.
Preloading 0 native plugins for Editor in 0.00 ms.
Mono: successfully reloaded assembly
- Completed reload, in  0.926 seconds
Platform modules already initialized, skipping
Shader 'Universal Render Pipeline/Particles/Lit': fallback shader 'Universal Render Pipeline/Particles/SimpleLit' not found
Refreshing native plugins compatible for Editor in 0.58 ms, found 0 plugins.
Preloading 0 native plugins for Editor in 0.00 ms.
Unloading 2368 Unused Serialized files (Serialized files now loaded: 0)
System memory in use before: 114.6 MB.
System memory in use after: 114.8 MB.

Unloading 5 unused Assets to reduce memory usage. Loaded Objects now: 3011.
Total: 4.353900 ms (FindLiveObjects: 0.597600 ms CreateObjectMapping: 0.130200 ms MarkObjects: 3.596100 ms  DeleteObjects: 0.027800 ms)

========================================================================
Received Prepare
Registering precompiled user dll's ...
Registered in 0.001978 seconds.
Begin MonoManager ReloadAssembly
Native extension for LinuxStandalone target not found
Native extension for WindowsStandalone target not found
Native extension for OSXStandalone target not found
Native extension for WebGL target not found
Refreshing native plugins compatible for Editor in 0.92 ms, found 0 plugins.
Preloading 0 native plugins for Editor in 0.00 ms.
Mono: successfully reloaded assembly
- Completed reload, in  1.014 seconds
Platform modules already initialized, skipping
Shader 'Universal Render Pipeline/Particles/Lit': fallback shader 'Universal Render Pipeline/Particles/SimpleLit' not found
Refreshing native plugins compatible for Editor in 0.69 ms, found 0 plugins.
Preloading 0 native plugins for Editor in 0.00 ms.
Unloading 2368 Unused Serialized files (Serialized files now loaded: 0)
System memory in use before: 114.6 MB.
System memory in use after: 114.8 MB.

Unloading 5 unused Assets to reduce memory usage. Loaded Objects now: 3014.
Total: 3.678300 ms (FindLiveObjects: 0.525500 ms CreateObjectMapping: 0.080000 ms MarkObjects: 3.051500 ms  DeleteObjects: 0.020600 ms)

========================================================================
Received Prepare
Registering precompiled user dll's ...
Registered in 0.001215 seconds.
Begin MonoManager ReloadAssembly
Native extension for LinuxStandalone target not found
Native extension for WindowsStandalone target not found
Native extension for OSXStandalone target not found
Native extension for WebGL target not found
Refreshing native plugins compatible for Editor in 0.54 ms, found 0 plugins.
Preloading 0 native plugins for Editor in 0.00 ms.
Mono: successfully reloaded assembly
- Completed reload, in  0.836 seconds
Platform modules already initialized, skipping
Shader 'Universal Render Pipeline/Particles/Lit': fallback shader 'Universal Render Pipeline/Particles/SimpleLit' not found
Refreshing native plugins compatible for Editor in 0.53 ms, found 0 plugins.
Preloading 0 native plugins for Editor in 0.00 ms.
Unloading 2368 Unused Serialized files (Serialized files now loaded: 0)
System memory in use before: 114.6 MB.
System memory in use after: 114.8 MB.

Unloading 5 unused Assets to reduce memory usage. Loaded Objects now: 3017.
Total: 3.182100 ms (FindLiveObjects: 0.469800 ms CreateObjectMapping: 0.078300 ms MarkObjects: 2.611200 ms  DeleteObjects: 0.021000 ms)

========================================================================
Received Prepare
Registering precompiled user dll's ...
Registered in 0.001415 seconds.
Begin MonoManager ReloadAssembly
Native extension for LinuxStandalone target not found
Native extension for WindowsStandalone target not found
Native extension for OSXStandalone target not found
Native extension for WebGL target not found
Refreshing native plugins compatible for Editor in 0.93 ms, found 0 plugins.
Preloading 0 native plugins for Editor in 0.00 ms.
Mono: successfully reloaded assembly
- Completed reload, in  0.824 seconds
Platform modules already initialized, skipping
Shader 'Universal Render Pipeline/Particles/Lit': fallback shader 'Universal Render Pipeline/Particles/SimpleLit' not found
Refreshing native plugins compatible for Editor in 1.02 ms, found 0 plugins.
Preloading 0 native plugins for Editor in 0.00 ms.
Unloading 2368 Unused Serialized files (Serialized files now loaded: 0)
System memory in use before: 114.6 MB.
System memory in use after: 114.8 MB.

Unloading 5 unused Assets to reduce memory usage. Loaded Objects now: 3020.
Total: 2.382700 ms (FindLiveObjects: 0.327900 ms CreateObjectMapping: 0.070600 ms MarkObjects: 1.963500 ms  DeleteObjects: 0.019300 ms)

========================================================================
Received Prepare
Registering precompiled user dll's ...
Registered in 0.001571 seconds.
Begin MonoManager ReloadAssembly
Native extension for LinuxStandalone target not found
Native extension for WindowsStandalone target not found
Native extension for OSXStandalone target not found
Native extension for WebGL target not found
Refreshing native plugins compatible for Editor in 0.54 ms, found 0 plugins.
Preloading 0 native plugins for Editor in 0.00 ms.
Mono: successfully reloaded assembly
- Completed reload, in  0.986 seconds
Platform modules already initialized, skipping
Shader 'Universal Render Pipeline/Particles/Lit': fallback shader 'Universal Render Pipeline/Particles/SimpleLit' not found
Refreshing native plugins compatible for Editor in 1.25 ms, found 0 plugins.
Preloading 0 native plugins for Editor in 0.00 ms.
Unloading 2368 Unused Serialized files (Serialized files now loaded: 0)
System memory in use before: 114.5 MB.
System memory in use after: 114.7 MB.

Unloading 5 unused Assets to reduce memory usage. Loaded Objects now: 3023.
Total: 6.689600 ms (FindLiveObjects: 0.834200 ms CreateObjectMapping: 0.092500 ms MarkObjects: 5.641200 ms  DeleteObjects: 0.119600 ms)

========================================================================
Received Prepare
Registering precompiled user dll's ...
Registered in 0.001285 seconds.
Begin MonoManager ReloadAssembly
Native extension for LinuxStandalone target not found
Native extension for WindowsStandalone target not found
Native extension for OSXStandalone target not found
Native extension for WebGL target not found
Refreshing native plugins compatible for Editor in 0.59 ms, found 0 plugins.
Preloading 0 native plugins for Editor in 0.00 ms.
Mono: successfully reloaded assembly
- Completed reload, in  0.886 seconds
Platform modules already initialized, skipping
Shader 'Universal Render Pipeline/Particles/Lit': fallback shader 'Universal Render Pipeline/Particles/SimpleLit' not found
Refreshing native plugins compatible for Editor in 0.60 ms, found 0 plugins.
Preloading 0 native plugins for Editor in 0.00 ms.
Unloading 2368 Unused Serialized files (Serialized files now loaded: 0)
System memory in use before: 114.6 MB.
System memory in use after: 114.8 MB.

Unloading 5 unused Assets to reduce memory usage. Loaded Objects now: 3026.
Total: 3.132100 ms (FindLiveObjects: 0.425800 ms CreateObjectMapping: 0.068900 ms MarkObjects: 2.621500 ms  DeleteObjects: 0.014500 ms)

========================================================================
Received Prepare
Registering precompiled user dll's ...
Registered in 0.001034 seconds.
Begin MonoManager ReloadAssembly
Native extension for LinuxStandalone target not found
Native extension for WindowsStandalone target not found
Native extension for OSXStandalone target not found
Native extension for WebGL target not found
Refreshing native plugins compatible for Editor in 1.37 ms, found 0 plugins.
Preloading 0 native plugins for Editor in 0.00 ms.
Mono: successfully reloaded assembly
- Completed reload, in  0.952 seconds
Platform modules already initialized, skipping
Shader 'Universal Render Pipeline/Particles/Lit': fallback shader 'Universal Render Pipeline/Particles/SimpleLit' not found
Refreshing native plugins compatible for Editor in 1.15 ms, found 0 plugins.
Preloading 0 native plugins for Editor in 0.00 ms.
Unloading 2368 Unused Serialized files (Serialized files now loaded: 0)
System memory in use before: 114.6 MB.
System memory in use after: 114.8 MB.

Unloading 5 unused Assets to reduce memory usage. Loaded Objects now: 3029.
Total: 5.060500 ms (FindLiveObjects: 0.890200 ms CreateObjectMapping: 0.098500 ms MarkObjects: 4.034100 ms  DeleteObjects: 0.034900 ms)

========================================================================
Received Prepare
Registering precompiled user dll's ...
Registered in 0.001303 seconds.
Begin MonoManager ReloadAssembly
Native extension for LinuxStandalone target not found
Native extension for WindowsStandalone target not found
Native extension for OSXStandalone target not found
Native extension for WebGL target not found
Refreshing native plugins compatible for Editor in 0.59 ms, found 0 plugins.
Preloading 0 native plugins for Editor in 0.00 ms.
Mono: successfully reloaded assembly
- Completed reload, in  0.914 seconds
Platform modules already initialized, skipping
Shader 'Universal Render Pipeline/Particles/Lit': fallback shader 'Universal Render Pipeline/Particles/SimpleLit' not found
Refreshing native plugins compatible for Editor in 0.85 ms, found 0 plugins.
Preloading 0 native plugins for Editor in 0.00 ms.
Unloading 2368 Unused Serialized files (Serialized files now loaded: 0)
System memory in use before: 114.6 MB.
System memory in use after: 114.9 MB.

Unloading 5 unused Assets to reduce memory usage. Loaded Objects now: 3032.
Total: 2.994800 ms (FindLiveObjects: 0.557400 ms CreateObjectMapping: 0.081400 ms MarkObjects: 2.334400 ms  DeleteObjects: 0.019400 ms)

========================================================================
Received Import Request.
  Time since last request: 5412.635655 seconds.
  path: Assets/Scripts/ToolClass.asset
  artifactKey: Guid(f9374525283190b47b72781429396642) Importer(815301076,1909f56bfc062723c751e8b465ee728b)
Start importing Assets/Scripts/ToolClass.asset using Guid(f9374525283190b47b72781429396642) Importer(815301076,1909f56bfc062723c751e8b465ee728b)  -> (artifact id: '91e7447c3b17ee793a738f7786a7a3b8') in 0.031220 seconds
  Import took 0.044780 seconds .

========================================================================
Received Import Request.
  Time since last request: 0.001038 seconds.
  path: Assets/Scripts/ToolClass.asset
  artifactKey: Guid(f9374525283190b47b72781429396642) Importer(815301076,1909f56bfc062723c751e8b465ee728b)
Start importing Assets/Scripts/ToolClass.asset using Guid(f9374525283190b47b72781429396642) Importer(815301076,1909f56bfc062723c751e8b465ee728b)  -> (artifact id: '91e7447c3b17ee793a738f7786a7a3b8') in 0.015058 seconds
  Import took 0.021064 seconds .

========================================================================
Received Import Request.
  Time since last request: 77.634809 seconds.
  path: Assets/TileClasses/Bedrock.asset
  artifactKey: Guid(21a1059f43f7fa84b88ac8dc052d3a30) Importer(815301076,1909f56bfc062723c751e8b465ee728b)
Start importing Assets/TileClasses/Bedrock.asset using Guid(21a1059f43f7fa84b88ac8dc052d3a30) Importer(815301076,1909f56bfc062723c751e8b465ee728b)  -> (artifact id: '832a9181e8a1455409dbcf8698933f91') in 0.040889 seconds
  Import took 0.057336 seconds .

========================================================================
Received Import Request.
  Time since last request: 0.000316 seconds.
  path: Assets/TileClasses/Ice.asset
  artifactKey: Guid(b254dfd2dacb93f4bb18fd831fcc2972) Importer(815301076,1909f56bfc062723c751e8b465ee728b)
Start importing Assets/TileClasses/Ice.asset using Guid(b254dfd2dacb93f4bb18fd831fcc2972) Importer(815301076,1909f56bfc062723c751e8b465ee728b)  -> (artifact id: '18afb288d13a75c3a9c712c007224c77') in 0.013081 seconds
  Import took 0.023572 seconds .

========================================================================
Received Import Request.
  Time since last request: 0.000282 seconds.
  path: Assets/TileClasses/Wood Planks.asset
  artifactKey: Guid(dc962cfef70195f4f85a9cfc3255d789) Importer(815301076,1909f56bfc062723c751e8b465ee728b)
Start importing Assets/TileClasses/Wood Planks.asset using Guid(dc962cfef70195f4f85a9cfc3255d789) Importer(815301076,1909f56bfc062723c751e8b465ee728b)  -> (artifact id: '784eec051031fb5b08d32371b6654f6c') in 0.014001 seconds
  Import took 0.018427 seconds .

========================================================================
Received Import Request.
  Time since last request: 0.000224 seconds.
  path: Assets/TileClasses/Dirt.asset
  artifactKey: Guid(a50c625f08c8a9b4bb91623743371092) Importer(815301076,1909f56bfc062723c751e8b465ee728b)
Start importing Assets/TileClasses/Dirt.asset using Guid(a50c625f08c8a9b4bb91623743371092) Importer(815301076,1909f56bfc062723c751e8b465ee728b)  -> (artifact id: 'cfee9b028b4c34c2f77068c4b52f8483') in 0.015693 seconds
  Import took 0.029059 seconds .

========================================================================
Received Import Request.
  Time since last request: 0.000201 seconds.
  path: Assets/TileClasses/Log.asset
  artifactKey: Guid(fec062d21058c1c4ea77a18b6d0f2520) Importer(815301076,1909f56bfc062723c751e8b465ee728b)
Start importing Assets/TileClasses/Log.asset using Guid(fec062d21058c1c4ea77a18b6d0f2520) Importer(815301076,1909f56bfc062723c751e8b465ee728b)  -> (artifact id: 'efc757f3668c818d20503e2397700ab5') in 0.020692 seconds
  Import took 0.034075 seconds .

========================================================================
Received Import Request.
  Time since last request: 0.000190 seconds.
  path: Assets/TileClasses/Tall Grass.asset
  artifactKey: Guid(aae4c0c849a4ebb47bdd5b3b3c5b33e0) Importer(815301076,1909f56bfc062723c751e8b465ee728b)
Start importing Assets/TileClasses/Tall Grass.asset using Guid(aae4c0c849a4ebb47bdd5b3b3c5b33e0) Importer(815301076,1909f56bfc062723c751e8b465ee728b)  -> (artifact id: '65bf938adc681267b78ad75abd6d66c2') in 0.010202 seconds
  Import took 0.021044 seconds .

========================================================================
Received Import Request.
  Time since last request: 0.000578 seconds.
  path: Assets/TileClasses/Sand.asset
  artifactKey: Guid(6e019aac8ae9a8b42b7a561a7ca31b8a) Importer(815301076,1909f56bfc062723c751e8b465ee728b)
Start importing Assets/TileClasses/Sand.asset using Guid(6e019aac8ae9a8b42b7a561a7ca31b8a) Importer(815301076,1909f56bfc062723c751e8b465ee728b)  -> (artifact id: 'e386242ff990c09bcfbb3d8818da0905') in 0.014206 seconds
  Import took 0.024681 seconds .

========================================================================
Received Import Request.
  Time since last request: 0.000233 seconds.
  path: Assets/TileClasses/Cactus.asset
  artifactKey: Guid(5ac4d6154ceac8f4296630ff982f8fdc) Importer(815301076,1909f56bfc062723c751e8b465ee728b)
Start importing Assets/TileClasses/Cactus.asset using Guid(5ac4d6154ceac8f4296630ff982f8fdc) Importer(815301076,1909f56bfc062723c751e8b465ee728b)  -> (artifact id: 'f0047670638415160a95a9d23cc61533') in 0.011936 seconds
  Import took 0.017330 seconds .

========================================================================
Received Import Request.
  Time since last request: 0.000252 seconds.
  path: Assets/TileClasses/Snow.asset
  artifactKey: Guid(fa1714c8a81449d4590d5a326028020c) Importer(815301076,1909f56bfc062723c751e8b465ee728b)
Start importing Assets/TileClasses/Snow.asset using Guid(fa1714c8a81449d4590d5a326028020c) Importer(815301076,1909f56bfc062723c751e8b465ee728b)  -> (artifact id: 'c2f576b406f115ecf6cadb1a2a2a2525') in 0.010621 seconds
  Import took 0.019943 seconds .

========================================================================
Received Import Request.
  Time since last request: 0.000273 seconds.
  path: Assets/TileClasses/Dead Bush.asset
  artifactKey: Guid(b962fa7731b12a44a8f7a99d76ba68bb) Importer(815301076,1909f56bfc062723c751e8b465ee728b)
Start importing Assets/TileClasses/Dead Bush.asset using Guid(b962fa7731b12a44a8f7a99d76ba68bb) Importer(815301076,1909f56bfc062723c751e8b465ee728b)  -> (artifact id: 'c22c28428e6505e0d03d54263b4e4f5d') in 0.011361 seconds
  Import took 0.017077 seconds .

========================================================================
Received Import Request.
  Time since last request: 0.000202 seconds.
  path: Assets/TileClasses/Stone.asset
  artifactKey: Guid(7993b61a148d3984f99b4ff67e37f737) Importer(815301076,1909f56bfc062723c751e8b465ee728b)
Start importing Assets/TileClasses/Stone.asset using Guid(7993b61a148d3984f99b4ff67e37f737) Importer(815301076,1909f56bfc062723c751e8b465ee728b)  -> (artifact id: 'f422f26029efd2c282bf1b762b7800a7') in 0.010350 seconds
  Import took 0.015960 seconds .

========================================================================
Received Import Request.
  Time since last request: 0.000303 seconds.
  path: Assets/TileClasses/Mushrooms.asset
  artifactKey: Guid(af36d7cb5c8871544b9f91773dc90502) Importer(815301076,1909f56bfc062723c751e8b465ee728b)
Start importing Assets/TileClasses/Mushrooms.asset using Guid(af36d7cb5c8871544b9f91773dc90502) Importer(815301076,1909f56bfc062723c751e8b465ee728b)  -> (artifact id: '805e3a88e8481131a53890756c99522c') in 0.011859 seconds
  Import took 0.015611 seconds .

========================================================================
Received Import Request.
  Time since last request: 0.000185 seconds.
  path: Assets/TileClasses/Trunk.asset
  artifactKey: Guid(39389d61833bc4349b54a59f3129fe46) Importer(815301076,1909f56bfc062723c751e8b465ee728b)
Start importing Assets/TileClasses/Trunk.asset using Guid(39389d61833bc4349b54a59f3129fe46) Importer(815301076,1909f56bfc062723c751e8b465ee728b)  -> (artifact id: '92437e7fc68db6d054b004e7a43ec609') in 0.008682 seconds
  Import took 0.012762 seconds .

========================================================================
Received Import Request.
  Time since last request: 0.000281 seconds.
  path: Assets/TileClasses/Leaves.asset
  artifactKey: Guid(fd2e416d72f08914b8fea23cfc96cab1) Importer(815301076,1909f56bfc062723c751e8b465ee728b)
Start importing Assets/TileClasses/Leaves.asset using Guid(fd2e416d72f08914b8fea23cfc96cab1) Importer(815301076,1909f56bfc062723c751e8b465ee728b)  -> (artifact id: '0e9c6217d4ca1b1b73e06711c085b53a') in 0.014760 seconds
  Import took 0.019603 seconds .

========================================================================
Received Import Request.
  Time since last request: 0.000192 seconds.
  path: Assets/TileClasses/SnowGrass.asset
  artifactKey: Guid(228340b81fabde24383208fe89354f16) Importer(815301076,1909f56bfc062723c751e8b465ee728b)
Start importing Assets/TileClasses/SnowGrass.asset using Guid(228340b81fabde24383208fe89354f16) Importer(815301076,1909f56bfc062723c751e8b465ee728b)  -> (artifact id: 'adfec346caebb0a5be52c161b1d54f29') in 0.007783 seconds
  Import took 0.012080 seconds .

========================================================================
Received Import Request.
  Time since last request: 0.000183 seconds.
  path: Assets/TileClasses/Grass.asset
  artifactKey: Guid(f998e7efd56bc1e40a9475121408c3d5) Importer(815301076,1909f56bfc062723c751e8b465ee728b)
Start importing Assets/TileClasses/Grass.asset using Guid(f998e7efd56bc1e40a9475121408c3d5) Importer(815301076,1909f56bfc062723c751e8b465ee728b)  -> (artifact id: '0646501a6fc84163f3361665fde1550a') in 0.015233 seconds
  Import took 0.019617 seconds .

========================================================================
Received Import Request.
  Time since last request: 2891.398666 seconds.
  path: Assets/TileClasses/Wood Planks.asset
  artifactKey: Guid(dc962cfef70195f4f85a9cfc3255d789) Importer(815301076,1909f56bfc062723c751e8b465ee728b)
Start importing Assets/TileClasses/Wood Planks.asset using Guid(dc962cfef70195f4f85a9cfc3255d789) Importer(815301076,1909f56bfc062723c751e8b465ee728b)  -> (artifact id: '9074e667b53695ffb6adfc56e6cf870b') in 0.032479 seconds
  Import took 0.048545 seconds .

========================================================================
Received Prepare
Registering precompiled user dll's ...
Registered in 0.002830 seconds.
Begin MonoManager ReloadAssembly
Native extension for LinuxStandalone target not found
Native extension for WindowsStandalone target not found
Native extension for OSXStandalone target not found
Native extension for WebGL target not found
Refreshing native plugins compatible for Editor in 0.96 ms, found 0 plugins.
Preloading 0 native plugins for Editor in 0.00 ms.
Mono: successfully reloaded assembly
- Completed reload, in  0.923 seconds
Platform modules already initialized, skipping
Shader 'Universal Render Pipeline/Particles/Lit': fallback shader 'Universal Render Pipeline/Particles/SimpleLit' not found
Refreshing native plugins compatible for Editor in 0.52 ms, found 0 plugins.
Preloading 0 native plugins for Editor in 0.00 ms.
Unloading 2368 Unused Serialized files (Serialized files now loaded: 0)
System memory in use before: 114.6 MB.
System memory in use after: 114.9 MB.

Unloading 5 unused Assets to reduce memory usage. Loaded Objects now: 3035.
Total: 3.191600 ms (FindLiveObjects: 0.424200 ms CreateObjectMapping: 0.072400 ms MarkObjects: 2.658900 ms  DeleteObjects: 0.035200 ms)

========================================================================
Received Prepare
Registering precompiled user dll's ...
Registered in 0.001321 seconds.
Begin MonoManager ReloadAssembly
Native extension for LinuxStandalone target not found
Native extension for WindowsStandalone target not found
Native extension for OSXStandalone target not found
Native extension for WebGL target not found
Refreshing native plugins compatible for Editor in 0.54 ms, found 0 plugins.
Preloading 0 native plugins for Editor in 0.00 ms.
Mono: successfully reloaded assembly
- Completed reload, in  0.850 seconds
Platform modules already initialized, skipping
Shader 'Universal Render Pipeline/Particles/Lit': fallback shader 'Universal Render Pipeline/Particles/SimpleLit' not found
Refreshing native plugins compatible for Editor in 0.56 ms, found 0 plugins.
Preloading 0 native plugins for Editor in 0.00 ms.
Unloading 2368 Unused Serialized files (Serialized files now loaded: 0)
System memory in use before: 114.6 MB.
System memory in use after: 114.8 MB.

Unloading 5 unused Assets to reduce memory usage. Loaded Objects now: 3038.
Total: 2.591000 ms (FindLiveObjects: 0.369900 ms CreateObjectMapping: 0.071700 ms MarkObjects: 2.126600 ms  DeleteObjects: 0.021500 ms)

========================================================================
Received Prepare
Registering precompiled user dll's ...
Registered in 0.001314 seconds.
Begin MonoManager ReloadAssembly
Native extension for LinuxStandalone target not found
Native extension for WindowsStandalone target not found
Native extension for OSXStandalone target not found
Native extension for WebGL target not found
Refreshing native plugins compatible for Editor in 0.57 ms, found 0 plugins.
Preloading 0 native plugins for Editor in 0.00 ms.
Mono: successfully reloaded assembly
- Completed reload, in  0.845 seconds
Platform modules already initialized, skipping
Shader 'Universal Render Pipeline/Particles/Lit': fallback shader 'Universal Render Pipeline/Particles/SimpleLit' not found
Refreshing native plugins compatible for Editor in 0.87 ms, found 0 plugins.
Preloading 0 native plugins for Editor in 0.00 ms.
Unloading 2368 Unused Serialized files (Serialized files now loaded: 0)
System memory in use before: 114.7 MB.
System memory in use after: 114.9 MB.

Unloading 5 unused Assets to reduce memory usage. Loaded Objects now: 3041.
Total: 4.093700 ms (FindLiveObjects: 0.433600 ms CreateObjectMapping: 0.079500 ms MarkObjects: 3.553700 ms  DeleteObjects: 0.025500 ms)

========================================================================
Received Import Request.
  Time since last request: 963.973338 seconds.
  path: Assets/Custom Textures
  artifactKey: Guid(724dafe93450bdd44968df5094657c75) Importer(815301076,1909f56bfc062723c751e8b465ee728b)
Start importing Assets/Custom Textures using Guid(724dafe93450bdd44968df5094657c75) Importer(815301076,1909f56bfc062723c751e8b465ee728b)  -> (artifact id: 'fc3ed4b366db463c9323e2e4fe368e19') in 0.024990 seconds
  Import took 0.031843 seconds .

========================================================================
Received Import Request.
  Time since last request: 0.003458 seconds.
  path: Assets/Custom Textures/Dirt16x.png
  artifactKey: Guid(edf2f4fc2a7e4f34dad3d1032ff5b87b) Importer(815301076,1909f56bfc062723c751e8b465ee728b)
Start importing Assets/Custom Textures/Dirt16x.png using Guid(edf2f4fc2a7e4f34dad3d1032ff5b87b) Importer(815301076,1909f56bfc062723c751e8b465ee728b)  -> (artifact id: 'a707e2287a67a10c6d49d331141ba45c') in 0.271989 seconds
  Import took 0.277249 seconds .

========================================================================
Received Import Request.
  Time since last request: 0.000359 seconds.
  path: Assets/Custom Textures/Grass16x.png
  artifactKey: Guid(3bd0c91cf95351649aa42b419ad0c6d3) Importer(815301076,1909f56bfc062723c751e8b465ee728b)
Start importing Assets/Custom Textures/Grass16x.png using Guid(3bd0c91cf95351649aa42b419ad0c6d3) Importer(815301076,1909f56bfc062723c751e8b465ee728b)  -> (artifact id: '05d9f56b2869acfc3e646f3fd3ef243d') in 0.028682 seconds
  Import took 0.033800 seconds .

========================================================================
Received Import Request.
  Time since last request: 0.000522 seconds.
  path: Assets/Custom Textures/Sand16x.png
  artifactKey: Guid(b7b1e691710724c43882729269b32dcc) Importer(815301076,1909f56bfc062723c751e8b465ee728b)
Start importing Assets/Custom Textures/Sand16x.png using Guid(b7b1e691710724c43882729269b32dcc) Importer(815301076,1909f56bfc062723c751e8b465ee728b)  -> (artifact id: '4bbfc819803dc5ec9514d9399cee2065') in 0.033513 seconds
  Import took 0.038026 seconds .

========================================================================
Received Import Request.
  Time since last request: 0.001436 seconds.
  path: Assets/Custom Textures/Sand16x.png
  artifactKey: Guid(b7b1e691710724c43882729269b32dcc) Importer(815301076,1909f56bfc062723c751e8b465ee728b)
Start importing Assets/Custom Textures/Sand16x.png using Guid(b7b1e691710724c43882729269b32dcc) Importer(815301076,1909f56bfc062723c751e8b465ee728b)  -> (artifact id: '4bbfc819803dc5ec9514d9399cee2065') in 0.006722 seconds
  Import took 0.011628 seconds .

========================================================================
Received Prepare
Registering precompiled user dll's ...
Registered in 0.001214 seconds.
Begin MonoManager ReloadAssembly
Native extension for LinuxStandalone target not found
Native extension for WindowsStandalone target not found
Native extension for OSXStandalone target not found
Native extension for WebGL target not found
Refreshing native plugins compatible for Editor in 0.77 ms, found 0 plugins.
Preloading 0 native plugins for Editor in 0.00 ms.
Mono: successfully reloaded assembly
- Completed reload, in  1.009 seconds
Platform modules already initialized, skipping
Shader 'Universal Render Pipeline/Particles/Lit': fallback shader 'Universal Render Pipeline/Particles/SimpleLit' not found
Refreshing native plugins compatible for Editor in 0.75 ms, found 0 plugins.
Preloading 0 native plugins for Editor in 0.00 ms.
Unloading 2368 Unused Serialized files (Serialized files now loaded: 0)
System memory in use before: 114.7 MB.
System memory in use after: 114.9 MB.

Unloading 5 unused Assets to reduce memory usage. Loaded Objects now: 3048.
Total: 2.489600 ms (FindLiveObjects: 0.414100 ms CreateObjectMapping: 0.068400 ms MarkObjects: 1.989300 ms  DeleteObjects: 0.016200 ms)

========================================================================
Received Prepare
Registering precompiled user dll's ...
Registered in 0.001127 seconds.
Begin MonoManager ReloadAssembly
Native extension for LinuxStandalone target not found
Native extension for WindowsStandalone target not found
Native extension for OSXStandalone target not found
Native extension for WebGL target not found
Refreshing native plugins compatible for Editor in 0.60 ms, found 0 plugins.
Preloading 0 native plugins for Editor in 0.00 ms.
Mono: successfully reloaded assembly
- Completed reload, in  0.843 seconds
Platform modules already initialized, skipping
Shader 'Universal Render Pipeline/Particles/Lit': fallback shader 'Universal Render Pipeline/Particles/SimpleLit' not found
Refreshing native plugins compatible for Editor in 0.54 ms, found 0 plugins.
Preloading 0 native plugins for Editor in 0.00 ms.
Unloading 2368 Unused Serialized files (Serialized files now loaded: 0)
System memory in use before: 114.7 MB.
System memory in use after: 114.9 MB.

Unloading 5 unused Assets to reduce memory usage. Loaded Objects now: 3051.
Total: 2.295100 ms (FindLiveObjects: 0.353500 ms CreateObjectMapping: 0.076600 ms MarkObjects: 1.851200 ms  DeleteObjects: 0.012500 ms)

========================================================================
Received Prepare
Registering precompiled user dll's ...
Registered in 0.001123 seconds.
Begin MonoManager ReloadAssembly
Native extension for LinuxStandalone target not found
Native extension for WindowsStandalone target not found
Native extension for OSXStandalone target not found
Native extension for WebGL target not found
Refreshing native plugins compatible for Editor in 0.89 ms, found 0 plugins.
Preloading 0 native plugins for Editor in 0.00 ms.
Mono: successfully reloaded assembly
- Completed reload, in  0.912 seconds
Platform modules already initialized, skipping
Shader 'Universal Render Pipeline/Particles/Lit': fallback shader 'Universal Render Pipeline/Particles/SimpleLit' not found
Refreshing native plugins compatible for Editor in 0.67 ms, found 0 plugins.
Preloading 0 native plugins for Editor in 0.00 ms.
Unloading 2368 Unused Serialized files (Serialized files now loaded: 0)
System memory in use before: 114.7 MB.
System memory in use after: 114.9 MB.

Unloading 5 unused Assets to reduce memory usage. Loaded Objects now: 3054.
Total: 4.999900 ms (FindLiveObjects: 0.983400 ms CreateObjectMapping: 0.118900 ms MarkObjects: 3.871700 ms  DeleteObjects: 0.024000 ms)

========================================================================
Received Prepare
Registering precompiled user dll's ...
Registered in 0.001372 seconds.
Begin MonoManager ReloadAssembly
Native extension for LinuxStandalone target not found
Native extension for WindowsStandalone target not found
Native extension for OSXStandalone target not found
Native extension for WebGL target not found
Refreshing native plugins compatible for Editor in 1.03 ms, found 0 plugins.
Preloading 0 native plugins for Editor in 0.00 ms.
Mono: successfully reloaded assembly
- Completed reload, in  0.861 seconds
Platform modules already initialized, skipping
Shader 'Universal Render Pipeline/Particles/Lit': fallback shader 'Universal Render Pipeline/Particles/SimpleLit' not found
Refreshing native plugins compatible for Editor in 0.84 ms, found 0 plugins.
Preloading 0 native plugins for Editor in 0.00 ms.
Unloading 2368 Unused Serialized files (Serialized files now loaded: 0)
System memory in use before: 114.6 MB.
System memory in use after: 114.8 MB.

Unloading 5 unused Assets to reduce memory usage. Loaded Objects now: 3057.
Total: 2.557500 ms (FindLiveObjects: 0.330800 ms CreateObjectMapping: 0.069500 ms MarkObjects: 2.138500 ms  DeleteObjects: 0.017800 ms)

========================================================================
Received Prepare
Registering precompiled user dll's ...
Registered in 0.001474 seconds.
Begin MonoManager ReloadAssembly
Native extension for LinuxStandalone target not found
Native extension for WindowsStandalone target not found
Native extension for OSXStandalone target not found
Native extension for WebGL target not found
Refreshing native plugins compatible for Editor in 1.13 ms, found 0 plugins.
Preloading 0 native plugins for Editor in 0.00 ms.
Mono: successfully reloaded assembly
- Completed reload, in  0.949 seconds
Platform modules already initialized, skipping
Shader 'Universal Render Pipeline/Particles/Lit': fallback shader 'Universal Render Pipeline/Particles/SimpleLit' not found
Refreshing native plugins compatible for Editor in 0.63 ms, found 0 plugins.
Preloading 0 native plugins for Editor in 0.00 ms.
Unloading 2368 Unused Serialized files (Serialized files now loaded: 0)
System memory in use before: 114.7 MB.
System memory in use after: 114.9 MB.

Unloading 5 unused Assets to reduce memory usage. Loaded Objects now: 3060.
Total: 4.853200 ms (FindLiveObjects: 0.717300 ms CreateObjectMapping: 0.089000 ms MarkObjects: 3.998200 ms  DeleteObjects: 0.046300 ms)

========================================================================
Received Prepare
Registering precompiled user dll's ...
Registered in 0.002032 seconds.
Begin MonoManager ReloadAssembly
Native extension for LinuxStandalone target not found
Native extension for WindowsStandalone target not found
Native extension for OSXStandalone target not found
Native extension for WebGL target not found
Refreshing native plugins compatible for Editor in 1.09 ms, found 0 plugins.
Preloading 0 native plugins for Editor in 0.00 ms.
Mono: successfully reloaded assembly
- Completed reload, in  1.040 seconds
Platform modules already initialized, skipping
Shader 'Universal Render Pipeline/Particles/Lit': fallback shader 'Universal Render Pipeline/Particles/SimpleLit' not found
Refreshing native plugins compatible for Editor in 1.15 ms, found 0 plugins.
Preloading 0 native plugins for Editor in 0.00 ms.
Unloading 2368 Unused Serialized files (Serialized files now loaded: 0)
System memory in use before: 114.7 MB.
System memory in use after: 114.9 MB.

Unloading 5 unused Assets to reduce memory usage. Loaded Objects now: 3063.
Total: 5.577000 ms (FindLiveObjects: 0.523700 ms CreateObjectMapping: 0.125000 ms MarkObjects: 4.861600 ms  DeleteObjects: 0.065900 ms)

AssetImportWorkerClient::OnTransportError - code=2 error=End of file
